ARM GAS  C:\Users\GM\AppData\Local\Temp\ccfL2C6D.s 			page 1


   1              		.cpu cortex-m3
   2              		.arch armv7-m
   3              		.fpu softvfp
   4              		.eabi_attribute 20, 1
   5              		.eabi_attribute 21, 1
   6              		.eabi_attribute 23, 3
   7              		.eabi_attribute 24, 1
   8              		.eabi_attribute 25, 1
   9              		.eabi_attribute 26, 1
  10              		.eabi_attribute 30, 1
  11              		.eabi_attribute 34, 1
  12              		.eabi_attribute 18, 4
  13              		.file	"usart.c"
  14              		.text
  15              	.Ltext0:
  16              		.cfi_sections	.debug_frame
  17              		.section	.text.MX_USART1_UART_Init,"ax",%progbits
  18              		.align	1
  19              		.global	MX_USART1_UART_Init
  20              		.syntax unified
  21              		.thumb
  22              		.thumb_func
  24              	MX_USART1_UART_Init:
  25              	.LFB65:
  26              		.file 1 "Core/Src/usart.c"
   1:Core/Src/usart.c **** /* USER CODE BEGIN Header */
   2:Core/Src/usart.c **** /**
   3:Core/Src/usart.c ****   ******************************************************************************
   4:Core/Src/usart.c ****   * @file    usart.c
   5:Core/Src/usart.c ****   * @brief   This file provides code for the configuration
   6:Core/Src/usart.c ****   *          of the USART instances.
   7:Core/Src/usart.c ****   ******************************************************************************
   8:Core/Src/usart.c ****   * @attention
   9:Core/Src/usart.c ****   *
  10:Core/Src/usart.c ****   * Copyright (c) 2022 STMicroelectronics.
  11:Core/Src/usart.c ****   * All rights reserved.
  12:Core/Src/usart.c ****   *
  13:Core/Src/usart.c ****   * This software is licensed under terms that can be found in the LICENSE file
  14:Core/Src/usart.c ****   * in the root directory of this software component.
  15:Core/Src/usart.c ****   * If no LICENSE file comes with this software, it is provided AS-IS.
  16:Core/Src/usart.c ****   *
  17:Core/Src/usart.c ****   ******************************************************************************
  18:Core/Src/usart.c ****   */
  19:Core/Src/usart.c **** /* USER CODE END Header */
  20:Core/Src/usart.c **** /* Includes ------------------------------------------------------------------*/
  21:Core/Src/usart.c **** #include "usart.h"
  22:Core/Src/usart.c **** 
  23:Core/Src/usart.c **** /* USER CODE BEGIN 0 */
  24:Core/Src/usart.c **** 
  25:Core/Src/usart.c **** /* USER CODE END 0 */
  26:Core/Src/usart.c **** 
  27:Core/Src/usart.c **** UART_HandleTypeDef huart1;
  28:Core/Src/usart.c **** DMA_HandleTypeDef hdma_usart1_rx;
  29:Core/Src/usart.c **** DMA_HandleTypeDef hdma_usart1_tx;
  30:Core/Src/usart.c **** 
  31:Core/Src/usart.c **** /* USART1 init function */
  32:Core/Src/usart.c **** 
ARM GAS  C:\Users\GM\AppData\Local\Temp\ccfL2C6D.s 			page 2


  33:Core/Src/usart.c **** void MX_USART1_UART_Init(void)
  34:Core/Src/usart.c **** {
  27              		.loc 1 34 1 view -0
  28              		.cfi_startproc
  29              		@ args = 0, pretend = 0, frame = 0
  30              		@ frame_needed = 0, uses_anonymous_args = 0
  31 0000 08B5     		push	{r3, lr}
  32              	.LCFI0:
  33              		.cfi_def_cfa_offset 8
  34              		.cfi_offset 3, -8
  35              		.cfi_offset 14, -4
  35:Core/Src/usart.c **** 
  36:Core/Src/usart.c ****   /* USER CODE BEGIN USART1_Init 0 */
  37:Core/Src/usart.c **** 
  38:Core/Src/usart.c ****   /* USER CODE END USART1_Init 0 */
  39:Core/Src/usart.c **** 
  40:Core/Src/usart.c ****   /* USER CODE BEGIN USART1_Init 1 */
  41:Core/Src/usart.c **** 
  42:Core/Src/usart.c ****   /* USER CODE END USART1_Init 1 */
  43:Core/Src/usart.c ****   huart1.Instance = USART1;
  36              		.loc 1 43 3 view .LVU1
  37              		.loc 1 43 19 is_stmt 0 view .LVU2
  38 0002 0A48     		ldr	r0, .L5
  39 0004 0A4B     		ldr	r3, .L5+4
  40 0006 0360     		str	r3, [r0]
  44:Core/Src/usart.c ****   huart1.Init.BaudRate = 115200;
  41              		.loc 1 44 3 is_stmt 1 view .LVU3
  42              		.loc 1 44 24 is_stmt 0 view .LVU4
  43 0008 4FF4E133 		mov	r3, #115200
  44 000c 4360     		str	r3, [r0, #4]
  45:Core/Src/usart.c ****   huart1.Init.WordLength = UART_WORDLENGTH_8B;
  45              		.loc 1 45 3 is_stmt 1 view .LVU5
  46              		.loc 1 45 26 is_stmt 0 view .LVU6
  47 000e 0023     		movs	r3, #0
  48 0010 8360     		str	r3, [r0, #8]
  46:Core/Src/usart.c ****   huart1.Init.StopBits = UART_STOPBITS_1;
  49              		.loc 1 46 3 is_stmt 1 view .LVU7
  50              		.loc 1 46 24 is_stmt 0 view .LVU8
  51 0012 C360     		str	r3, [r0, #12]
  47:Core/Src/usart.c ****   huart1.Init.Parity = UART_PARITY_NONE;
  52              		.loc 1 47 3 is_stmt 1 view .LVU9
  53              		.loc 1 47 22 is_stmt 0 view .LVU10
  54 0014 0361     		str	r3, [r0, #16]
  48:Core/Src/usart.c ****   huart1.Init.Mode = UART_MODE_TX_RX;
  55              		.loc 1 48 3 is_stmt 1 view .LVU11
  56              		.loc 1 48 20 is_stmt 0 view .LVU12
  57 0016 0C22     		movs	r2, #12
  58 0018 4261     		str	r2, [r0, #20]
  49:Core/Src/usart.c ****   huart1.Init.HwFlowCtl = UART_HWCONTROL_NONE;
  59              		.loc 1 49 3 is_stmt 1 view .LVU13
  60              		.loc 1 49 25 is_stmt 0 view .LVU14
  61 001a 8361     		str	r3, [r0, #24]
  50:Core/Src/usart.c ****   huart1.Init.OverSampling = UART_OVERSAMPLING_16;
  62              		.loc 1 50 3 is_stmt 1 view .LVU15
  63              		.loc 1 50 28 is_stmt 0 view .LVU16
  64 001c C361     		str	r3, [r0, #28]
  51:Core/Src/usart.c ****   if (HAL_UART_Init(&huart1) != HAL_OK)
ARM GAS  C:\Users\GM\AppData\Local\Temp\ccfL2C6D.s 			page 3


  65              		.loc 1 51 3 is_stmt 1 view .LVU17
  66              		.loc 1 51 7 is_stmt 0 view .LVU18
  67 001e FFF7FEFF 		bl	HAL_UART_Init
  68              	.LVL0:
  69              		.loc 1 51 6 view .LVU19
  70 0022 00B9     		cbnz	r0, .L4
  71              	.L1:
  52:Core/Src/usart.c ****   {
  53:Core/Src/usart.c ****     Error_Handler();
  54:Core/Src/usart.c ****   }
  55:Core/Src/usart.c ****   /* USER CODE BEGIN USART1_Init 2 */
  56:Core/Src/usart.c **** 
  57:Core/Src/usart.c ****   /* USER CODE END USART1_Init 2 */
  58:Core/Src/usart.c **** 
  59:Core/Src/usart.c **** }
  72              		.loc 1 59 1 view .LVU20
  73 0024 08BD     		pop	{r3, pc}
  74              	.L4:
  53:Core/Src/usart.c ****   }
  75              		.loc 1 53 5 is_stmt 1 view .LVU21
  76 0026 FFF7FEFF 		bl	Error_Handler
  77              	.LVL1:
  78              		.loc 1 59 1 is_stmt 0 view .LVU22
  79 002a FBE7     		b	.L1
  80              	.L6:
  81              		.align	2
  82              	.L5:
  83 002c 00000000 		.word	.LANCHOR0
  84 0030 00380140 		.word	1073821696
  85              		.cfi_endproc
  86              	.LFE65:
  88              		.section	.text.HAL_UART_MspInit,"ax",%progbits
  89              		.align	1
  90              		.global	HAL_UART_MspInit
  91              		.syntax unified
  92              		.thumb
  93              		.thumb_func
  95              	HAL_UART_MspInit:
  96              	.LVL2:
  97              	.LFB66:
  60:Core/Src/usart.c **** 
  61:Core/Src/usart.c **** void HAL_UART_MspInit(UART_HandleTypeDef* uartHandle)
  62:Core/Src/usart.c **** {
  98              		.loc 1 62 1 is_stmt 1 view -0
  99              		.cfi_startproc
 100              		@ args = 0, pretend = 0, frame = 24
 101              		@ frame_needed = 0, uses_anonymous_args = 0
 102              		.loc 1 62 1 is_stmt 0 view .LVU24
 103 0000 70B5     		push	{r4, r5, r6, lr}
 104              	.LCFI1:
 105              		.cfi_def_cfa_offset 16
 106              		.cfi_offset 4, -16
 107              		.cfi_offset 5, -12
 108              		.cfi_offset 6, -8
 109              		.cfi_offset 14, -4
 110 0002 86B0     		sub	sp, sp, #24
 111              	.LCFI2:
ARM GAS  C:\Users\GM\AppData\Local\Temp\ccfL2C6D.s 			page 4


 112              		.cfi_def_cfa_offset 40
  63:Core/Src/usart.c **** 
  64:Core/Src/usart.c ****   GPIO_InitTypeDef GPIO_InitStruct = {0};
 113              		.loc 1 64 3 is_stmt 1 view .LVU25
 114              		.loc 1 64 20 is_stmt 0 view .LVU26
 115 0004 0023     		movs	r3, #0
 116 0006 0293     		str	r3, [sp, #8]
 117 0008 0393     		str	r3, [sp, #12]
 118 000a 0493     		str	r3, [sp, #16]
 119 000c 0593     		str	r3, [sp, #20]
  65:Core/Src/usart.c ****   if(uartHandle->Instance==USART1)
 120              		.loc 1 65 3 is_stmt 1 view .LVU27
 121              		.loc 1 65 16 is_stmt 0 view .LVU28
 122 000e 0268     		ldr	r2, [r0]
 123              		.loc 1 65 5 view .LVU29
 124 0010 314B     		ldr	r3, .L15
 125 0012 9A42     		cmp	r2, r3
 126 0014 01D0     		beq	.L12
 127              	.LVL3:
 128              	.L7:
  66:Core/Src/usart.c ****   {
  67:Core/Src/usart.c ****   /* USER CODE BEGIN USART1_MspInit 0 */
  68:Core/Src/usart.c **** 
  69:Core/Src/usart.c ****   /* USER CODE END USART1_MspInit 0 */
  70:Core/Src/usart.c ****     /* USART1 clock enable */
  71:Core/Src/usart.c ****     __HAL_RCC_USART1_CLK_ENABLE();
  72:Core/Src/usart.c **** 
  73:Core/Src/usart.c ****     __HAL_RCC_GPIOA_CLK_ENABLE();
  74:Core/Src/usart.c ****     /**USART1 GPIO Configuration
  75:Core/Src/usart.c ****     PA9     ------> USART1_TX
  76:Core/Src/usart.c ****     PA10     ------> USART1_RX
  77:Core/Src/usart.c ****     */
  78:Core/Src/usart.c ****     GPIO_InitStruct.Pin = GPIO_PIN_9;
  79:Core/Src/usart.c ****     GPIO_InitStruct.Mode = GPIO_MODE_AF_PP;
  80:Core/Src/usart.c ****     GPIO_InitStruct.Speed = GPIO_SPEED_FREQ_HIGH;
  81:Core/Src/usart.c ****     HAL_GPIO_Init(GPIOA, &GPIO_InitStruct);
  82:Core/Src/usart.c **** 
  83:Core/Src/usart.c ****     GPIO_InitStruct.Pin = GPIO_PIN_10;
  84:Core/Src/usart.c ****     GPIO_InitStruct.Mode = GPIO_MODE_INPUT;
  85:Core/Src/usart.c ****     GPIO_InitStruct.Pull = GPIO_NOPULL;
  86:Core/Src/usart.c ****     HAL_GPIO_Init(GPIOA, &GPIO_InitStruct);
  87:Core/Src/usart.c **** 
  88:Core/Src/usart.c ****     /* USART1 DMA Init */
  89:Core/Src/usart.c ****     /* USART1_RX Init */
  90:Core/Src/usart.c ****     hdma_usart1_rx.Instance = DMA1_Channel5;
  91:Core/Src/usart.c ****     hdma_usart1_rx.Init.Direction = DMA_PERIPH_TO_MEMORY;
  92:Core/Src/usart.c ****     hdma_usart1_rx.Init.PeriphInc = DMA_PINC_DISABLE;
  93:Core/Src/usart.c ****     hdma_usart1_rx.Init.MemInc = DMA_MINC_ENABLE;
  94:Core/Src/usart.c ****     hdma_usart1_rx.Init.PeriphDataAlignment = DMA_PDATAALIGN_BYTE;
  95:Core/Src/usart.c ****     hdma_usart1_rx.Init.MemDataAlignment = DMA_MDATAALIGN_BYTE;
  96:Core/Src/usart.c ****     hdma_usart1_rx.Init.Mode = DMA_CIRCULAR;
  97:Core/Src/usart.c ****     hdma_usart1_rx.Init.Priority = DMA_PRIORITY_LOW;
  98:Core/Src/usart.c ****     if (HAL_DMA_Init(&hdma_usart1_rx) != HAL_OK)
  99:Core/Src/usart.c ****     {
 100:Core/Src/usart.c ****       Error_Handler();
 101:Core/Src/usart.c ****     }
 102:Core/Src/usart.c **** 
ARM GAS  C:\Users\GM\AppData\Local\Temp\ccfL2C6D.s 			page 5


 103:Core/Src/usart.c ****     __HAL_LINKDMA(uartHandle,hdmarx,hdma_usart1_rx);
 104:Core/Src/usart.c **** 
 105:Core/Src/usart.c ****     /* USART1_TX Init */
 106:Core/Src/usart.c ****     hdma_usart1_tx.Instance = DMA1_Channel4;
 107:Core/Src/usart.c ****     hdma_usart1_tx.Init.Direction = DMA_MEMORY_TO_PERIPH;
 108:Core/Src/usart.c ****     hdma_usart1_tx.Init.PeriphInc = DMA_PINC_DISABLE;
 109:Core/Src/usart.c ****     hdma_usart1_tx.Init.MemInc = DMA_MINC_ENABLE;
 110:Core/Src/usart.c ****     hdma_usart1_tx.Init.PeriphDataAlignment = DMA_PDATAALIGN_BYTE;
 111:Core/Src/usart.c ****     hdma_usart1_tx.Init.MemDataAlignment = DMA_MDATAALIGN_BYTE;
 112:Core/Src/usart.c ****     hdma_usart1_tx.Init.Mode = DMA_NORMAL;
 113:Core/Src/usart.c ****     hdma_usart1_tx.Init.Priority = DMA_PRIORITY_LOW;
 114:Core/Src/usart.c ****     if (HAL_DMA_Init(&hdma_usart1_tx) != HAL_OK)
 115:Core/Src/usart.c ****     {
 116:Core/Src/usart.c ****       Error_Handler();
 117:Core/Src/usart.c ****     }
 118:Core/Src/usart.c **** 
 119:Core/Src/usart.c ****     __HAL_LINKDMA(uartHandle,hdmatx,hdma_usart1_tx);
 120:Core/Src/usart.c **** 
 121:Core/Src/usart.c ****     /* USART1 interrupt Init */
 122:Core/Src/usart.c ****     HAL_NVIC_SetPriority(USART1_IRQn, 0, 0);
 123:Core/Src/usart.c ****     HAL_NVIC_EnableIRQ(USART1_IRQn);
 124:Core/Src/usart.c ****   /* USER CODE BEGIN USART1_MspInit 1 */
 125:Core/Src/usart.c **** 
 126:Core/Src/usart.c ****   /* USER CODE END USART1_MspInit 1 */
 127:Core/Src/usart.c ****   }
 128:Core/Src/usart.c **** }
 129              		.loc 1 128 1 view .LVU30
 130 0016 06B0     		add	sp, sp, #24
 131              	.LCFI3:
 132              		.cfi_remember_state
 133              		.cfi_def_cfa_offset 16
 134              		@ sp needed
 135 0018 70BD     		pop	{r4, r5, r6, pc}
 136              	.LVL4:
 137              	.L12:
 138              	.LCFI4:
 139              		.cfi_restore_state
 140              		.loc 1 128 1 view .LVU31
 141 001a 0446     		mov	r4, r0
  71:Core/Src/usart.c **** 
 142              		.loc 1 71 5 is_stmt 1 view .LVU32
 143              	.LBB2:
  71:Core/Src/usart.c **** 
 144              		.loc 1 71 5 view .LVU33
  71:Core/Src/usart.c **** 
 145              		.loc 1 71 5 view .LVU34
 146 001c 03F55843 		add	r3, r3, #55296
 147 0020 9A69     		ldr	r2, [r3, #24]
 148 0022 42F48042 		orr	r2, r2, #16384
 149 0026 9A61     		str	r2, [r3, #24]
  71:Core/Src/usart.c **** 
 150              		.loc 1 71 5 view .LVU35
 151 0028 9A69     		ldr	r2, [r3, #24]
 152 002a 02F48042 		and	r2, r2, #16384
 153 002e 0092     		str	r2, [sp]
  71:Core/Src/usart.c **** 
 154              		.loc 1 71 5 view .LVU36
ARM GAS  C:\Users\GM\AppData\Local\Temp\ccfL2C6D.s 			page 6


 155 0030 009A     		ldr	r2, [sp]
 156              	.LBE2:
  71:Core/Src/usart.c **** 
 157              		.loc 1 71 5 view .LVU37
  73:Core/Src/usart.c ****     /**USART1 GPIO Configuration
 158              		.loc 1 73 5 view .LVU38
 159              	.LBB3:
  73:Core/Src/usart.c ****     /**USART1 GPIO Configuration
 160              		.loc 1 73 5 view .LVU39
  73:Core/Src/usart.c ****     /**USART1 GPIO Configuration
 161              		.loc 1 73 5 view .LVU40
 162 0032 9A69     		ldr	r2, [r3, #24]
 163 0034 42F00402 		orr	r2, r2, #4
 164 0038 9A61     		str	r2, [r3, #24]
  73:Core/Src/usart.c ****     /**USART1 GPIO Configuration
 165              		.loc 1 73 5 view .LVU41
 166 003a 9B69     		ldr	r3, [r3, #24]
 167 003c 03F00403 		and	r3, r3, #4
 168 0040 0193     		str	r3, [sp, #4]
  73:Core/Src/usart.c ****     /**USART1 GPIO Configuration
 169              		.loc 1 73 5 view .LVU42
 170 0042 019B     		ldr	r3, [sp, #4]
 171              	.LBE3:
  73:Core/Src/usart.c ****     /**USART1 GPIO Configuration
 172              		.loc 1 73 5 view .LVU43
  78:Core/Src/usart.c ****     GPIO_InitStruct.Mode = GPIO_MODE_AF_PP;
 173              		.loc 1 78 5 view .LVU44
  78:Core/Src/usart.c ****     GPIO_InitStruct.Mode = GPIO_MODE_AF_PP;
 174              		.loc 1 78 25 is_stmt 0 view .LVU45
 175 0044 4FF40073 		mov	r3, #512
 176 0048 0293     		str	r3, [sp, #8]
  79:Core/Src/usart.c ****     GPIO_InitStruct.Speed = GPIO_SPEED_FREQ_HIGH;
 177              		.loc 1 79 5 is_stmt 1 view .LVU46
  79:Core/Src/usart.c ****     GPIO_InitStruct.Speed = GPIO_SPEED_FREQ_HIGH;
 178              		.loc 1 79 26 is_stmt 0 view .LVU47
 179 004a 0223     		movs	r3, #2
 180 004c 0393     		str	r3, [sp, #12]
  80:Core/Src/usart.c ****     HAL_GPIO_Init(GPIOA, &GPIO_InitStruct);
 181              		.loc 1 80 5 is_stmt 1 view .LVU48
  80:Core/Src/usart.c ****     HAL_GPIO_Init(GPIOA, &GPIO_InitStruct);
 182              		.loc 1 80 27 is_stmt 0 view .LVU49
 183 004e 0323     		movs	r3, #3
 184 0050 0593     		str	r3, [sp, #20]
  81:Core/Src/usart.c **** 
 185              		.loc 1 81 5 is_stmt 1 view .LVU50
 186 0052 224E     		ldr	r6, .L15+4
 187 0054 02A9     		add	r1, sp, #8
 188 0056 3046     		mov	r0, r6
 189              	.LVL5:
  81:Core/Src/usart.c **** 
 190              		.loc 1 81 5 is_stmt 0 view .LVU51
 191 0058 FFF7FEFF 		bl	HAL_GPIO_Init
 192              	.LVL6:
  83:Core/Src/usart.c ****     GPIO_InitStruct.Mode = GPIO_MODE_INPUT;
 193              		.loc 1 83 5 is_stmt 1 view .LVU52
  83:Core/Src/usart.c ****     GPIO_InitStruct.Mode = GPIO_MODE_INPUT;
 194              		.loc 1 83 25 is_stmt 0 view .LVU53
ARM GAS  C:\Users\GM\AppData\Local\Temp\ccfL2C6D.s 			page 7


 195 005c 4FF48063 		mov	r3, #1024
 196 0060 0293     		str	r3, [sp, #8]
  84:Core/Src/usart.c ****     GPIO_InitStruct.Pull = GPIO_NOPULL;
 197              		.loc 1 84 5 is_stmt 1 view .LVU54
  84:Core/Src/usart.c ****     GPIO_InitStruct.Pull = GPIO_NOPULL;
 198              		.loc 1 84 26 is_stmt 0 view .LVU55
 199 0062 0025     		movs	r5, #0
 200 0064 0395     		str	r5, [sp, #12]
  85:Core/Src/usart.c ****     HAL_GPIO_Init(GPIOA, &GPIO_InitStruct);
 201              		.loc 1 85 5 is_stmt 1 view .LVU56
  85:Core/Src/usart.c ****     HAL_GPIO_Init(GPIOA, &GPIO_InitStruct);
 202              		.loc 1 85 26 is_stmt 0 view .LVU57
 203 0066 0495     		str	r5, [sp, #16]
  86:Core/Src/usart.c **** 
 204              		.loc 1 86 5 is_stmt 1 view .LVU58
 205 0068 02A9     		add	r1, sp, #8
 206 006a 3046     		mov	r0, r6
 207 006c FFF7FEFF 		bl	HAL_GPIO_Init
 208              	.LVL7:
  90:Core/Src/usart.c ****     hdma_usart1_rx.Init.Direction = DMA_PERIPH_TO_MEMORY;
 209              		.loc 1 90 5 view .LVU59
  90:Core/Src/usart.c ****     hdma_usart1_rx.Init.Direction = DMA_PERIPH_TO_MEMORY;
 210              		.loc 1 90 29 is_stmt 0 view .LVU60
 211 0070 1B48     		ldr	r0, .L15+8
 212 0072 1C4B     		ldr	r3, .L15+12
 213 0074 0360     		str	r3, [r0]
  91:Core/Src/usart.c ****     hdma_usart1_rx.Init.PeriphInc = DMA_PINC_DISABLE;
 214              		.loc 1 91 5 is_stmt 1 view .LVU61
  91:Core/Src/usart.c ****     hdma_usart1_rx.Init.PeriphInc = DMA_PINC_DISABLE;
 215              		.loc 1 91 35 is_stmt 0 view .LVU62
 216 0076 4560     		str	r5, [r0, #4]
  92:Core/Src/usart.c ****     hdma_usart1_rx.Init.MemInc = DMA_MINC_ENABLE;
 217              		.loc 1 92 5 is_stmt 1 view .LVU63
  92:Core/Src/usart.c ****     hdma_usart1_rx.Init.MemInc = DMA_MINC_ENABLE;
 218              		.loc 1 92 35 is_stmt 0 view .LVU64
 219 0078 8560     		str	r5, [r0, #8]
  93:Core/Src/usart.c ****     hdma_usart1_rx.Init.PeriphDataAlignment = DMA_PDATAALIGN_BYTE;
 220              		.loc 1 93 5 is_stmt 1 view .LVU65
  93:Core/Src/usart.c ****     hdma_usart1_rx.Init.PeriphDataAlignment = DMA_PDATAALIGN_BYTE;
 221              		.loc 1 93 32 is_stmt 0 view .LVU66
 222 007a 8023     		movs	r3, #128
 223 007c C360     		str	r3, [r0, #12]
  94:Core/Src/usart.c ****     hdma_usart1_rx.Init.MemDataAlignment = DMA_MDATAALIGN_BYTE;
 224              		.loc 1 94 5 is_stmt 1 view .LVU67
  94:Core/Src/usart.c ****     hdma_usart1_rx.Init.MemDataAlignment = DMA_MDATAALIGN_BYTE;
 225              		.loc 1 94 45 is_stmt 0 view .LVU68
 226 007e 0561     		str	r5, [r0, #16]
  95:Core/Src/usart.c ****     hdma_usart1_rx.Init.Mode = DMA_CIRCULAR;
 227              		.loc 1 95 5 is_stmt 1 view .LVU69
  95:Core/Src/usart.c ****     hdma_usart1_rx.Init.Mode = DMA_CIRCULAR;
 228              		.loc 1 95 42 is_stmt 0 view .LVU70
 229 0080 4561     		str	r5, [r0, #20]
  96:Core/Src/usart.c ****     hdma_usart1_rx.Init.Priority = DMA_PRIORITY_LOW;
 230              		.loc 1 96 5 is_stmt 1 view .LVU71
  96:Core/Src/usart.c ****     hdma_usart1_rx.Init.Priority = DMA_PRIORITY_LOW;
 231              		.loc 1 96 30 is_stmt 0 view .LVU72
 232 0082 2023     		movs	r3, #32
ARM GAS  C:\Users\GM\AppData\Local\Temp\ccfL2C6D.s 			page 8


 233 0084 8361     		str	r3, [r0, #24]
  97:Core/Src/usart.c ****     if (HAL_DMA_Init(&hdma_usart1_rx) != HAL_OK)
 234              		.loc 1 97 5 is_stmt 1 view .LVU73
  97:Core/Src/usart.c ****     if (HAL_DMA_Init(&hdma_usart1_rx) != HAL_OK)
 235              		.loc 1 97 34 is_stmt 0 view .LVU74
 236 0086 C561     		str	r5, [r0, #28]
  98:Core/Src/usart.c ****     {
 237              		.loc 1 98 5 is_stmt 1 view .LVU75
  98:Core/Src/usart.c ****     {
 238              		.loc 1 98 9 is_stmt 0 view .LVU76
 239 0088 FFF7FEFF 		bl	HAL_DMA_Init
 240              	.LVL8:
  98:Core/Src/usart.c ****     {
 241              		.loc 1 98 8 view .LVU77
 242 008c F0B9     		cbnz	r0, .L13
 243              	.L9:
 103:Core/Src/usart.c **** 
 244              		.loc 1 103 5 is_stmt 1 view .LVU78
 103:Core/Src/usart.c **** 
 245              		.loc 1 103 5 view .LVU79
 246 008e 144B     		ldr	r3, .L15+8
 247 0090 A363     		str	r3, [r4, #56]
 103:Core/Src/usart.c **** 
 248              		.loc 1 103 5 view .LVU80
 249 0092 5C62     		str	r4, [r3, #36]
 103:Core/Src/usart.c **** 
 250              		.loc 1 103 5 view .LVU81
 106:Core/Src/usart.c ****     hdma_usart1_tx.Init.Direction = DMA_MEMORY_TO_PERIPH;
 251              		.loc 1 106 5 view .LVU82
 106:Core/Src/usart.c ****     hdma_usart1_tx.Init.Direction = DMA_MEMORY_TO_PERIPH;
 252              		.loc 1 106 29 is_stmt 0 view .LVU83
 253 0094 1448     		ldr	r0, .L15+16
 254 0096 154B     		ldr	r3, .L15+20
 255 0098 0360     		str	r3, [r0]
 107:Core/Src/usart.c ****     hdma_usart1_tx.Init.PeriphInc = DMA_PINC_DISABLE;
 256              		.loc 1 107 5 is_stmt 1 view .LVU84
 107:Core/Src/usart.c ****     hdma_usart1_tx.Init.PeriphInc = DMA_PINC_DISABLE;
 257              		.loc 1 107 35 is_stmt 0 view .LVU85
 258 009a 1023     		movs	r3, #16
 259 009c 4360     		str	r3, [r0, #4]
 108:Core/Src/usart.c ****     hdma_usart1_tx.Init.MemInc = DMA_MINC_ENABLE;
 260              		.loc 1 108 5 is_stmt 1 view .LVU86
 108:Core/Src/usart.c ****     hdma_usart1_tx.Init.MemInc = DMA_MINC_ENABLE;
 261              		.loc 1 108 35 is_stmt 0 view .LVU87
 262 009e 0023     		movs	r3, #0
 263 00a0 8360     		str	r3, [r0, #8]
 109:Core/Src/usart.c ****     hdma_usart1_tx.Init.PeriphDataAlignment = DMA_PDATAALIGN_BYTE;
 264              		.loc 1 109 5 is_stmt 1 view .LVU88
 109:Core/Src/usart.c ****     hdma_usart1_tx.Init.PeriphDataAlignment = DMA_PDATAALIGN_BYTE;
 265              		.loc 1 109 32 is_stmt 0 view .LVU89
 266 00a2 8022     		movs	r2, #128
 267 00a4 C260     		str	r2, [r0, #12]
 110:Core/Src/usart.c ****     hdma_usart1_tx.Init.MemDataAlignment = DMA_MDATAALIGN_BYTE;
 268              		.loc 1 110 5 is_stmt 1 view .LVU90
 110:Core/Src/usart.c ****     hdma_usart1_tx.Init.MemDataAlignment = DMA_MDATAALIGN_BYTE;
 269              		.loc 1 110 45 is_stmt 0 view .LVU91
 270 00a6 0361     		str	r3, [r0, #16]
ARM GAS  C:\Users\GM\AppData\Local\Temp\ccfL2C6D.s 			page 9


 111:Core/Src/usart.c ****     hdma_usart1_tx.Init.Mode = DMA_NORMAL;
 271              		.loc 1 111 5 is_stmt 1 view .LVU92
 111:Core/Src/usart.c ****     hdma_usart1_tx.Init.Mode = DMA_NORMAL;
 272              		.loc 1 111 42 is_stmt 0 view .LVU93
 273 00a8 4361     		str	r3, [r0, #20]
 112:Core/Src/usart.c ****     hdma_usart1_tx.Init.Priority = DMA_PRIORITY_LOW;
 274              		.loc 1 112 5 is_stmt 1 view .LVU94
 112:Core/Src/usart.c ****     hdma_usart1_tx.Init.Priority = DMA_PRIORITY_LOW;
 275              		.loc 1 112 30 is_stmt 0 view .LVU95
 276 00aa 8361     		str	r3, [r0, #24]
 113:Core/Src/usart.c ****     if (HAL_DMA_Init(&hdma_usart1_tx) != HAL_OK)
 277              		.loc 1 113 5 is_stmt 1 view .LVU96
 113:Core/Src/usart.c ****     if (HAL_DMA_Init(&hdma_usart1_tx) != HAL_OK)
 278              		.loc 1 113 34 is_stmt 0 view .LVU97
 279 00ac C361     		str	r3, [r0, #28]
 114:Core/Src/usart.c ****     {
 280              		.loc 1 114 5 is_stmt 1 view .LVU98
 114:Core/Src/usart.c ****     {
 281              		.loc 1 114 9 is_stmt 0 view .LVU99
 282 00ae FFF7FEFF 		bl	HAL_DMA_Init
 283              	.LVL9:
 114:Core/Src/usart.c ****     {
 284              		.loc 1 114 8 view .LVU100
 285 00b2 70B9     		cbnz	r0, .L14
 286              	.L10:
 119:Core/Src/usart.c **** 
 287              		.loc 1 119 5 is_stmt 1 view .LVU101
 119:Core/Src/usart.c **** 
 288              		.loc 1 119 5 view .LVU102
 289 00b4 0C4B     		ldr	r3, .L15+16
 290 00b6 6363     		str	r3, [r4, #52]
 119:Core/Src/usart.c **** 
 291              		.loc 1 119 5 view .LVU103
 292 00b8 5C62     		str	r4, [r3, #36]
 119:Core/Src/usart.c **** 
 293              		.loc 1 119 5 view .LVU104
 122:Core/Src/usart.c ****     HAL_NVIC_EnableIRQ(USART1_IRQn);
 294              		.loc 1 122 5 view .LVU105
 295 00ba 0022     		movs	r2, #0
 296 00bc 1146     		mov	r1, r2
 297 00be 2520     		movs	r0, #37
 298 00c0 FFF7FEFF 		bl	HAL_NVIC_SetPriority
 299              	.LVL10:
 123:Core/Src/usart.c ****   /* USER CODE BEGIN USART1_MspInit 1 */
 300              		.loc 1 123 5 view .LVU106
 301 00c4 2520     		movs	r0, #37
 302 00c6 FFF7FEFF 		bl	HAL_NVIC_EnableIRQ
 303              	.LVL11:
 304              		.loc 1 128 1 is_stmt 0 view .LVU107
 305 00ca A4E7     		b	.L7
 306              	.L13:
 100:Core/Src/usart.c ****     }
 307              		.loc 1 100 7 is_stmt 1 view .LVU108
 308 00cc FFF7FEFF 		bl	Error_Handler
 309              	.LVL12:
 310 00d0 DDE7     		b	.L9
 311              	.L14:
ARM GAS  C:\Users\GM\AppData\Local\Temp\ccfL2C6D.s 			page 10


 116:Core/Src/usart.c ****     }
 312              		.loc 1 116 7 view .LVU109
 313 00d2 FFF7FEFF 		bl	Error_Handler
 314              	.LVL13:
 315 00d6 EDE7     		b	.L10
 316              	.L16:
 317              		.align	2
 318              	.L15:
 319 00d8 00380140 		.word	1073821696
 320 00dc 00080140 		.word	1073809408
 321 00e0 00000000 		.word	.LANCHOR1
 322 00e4 58000240 		.word	1073872984
 323 00e8 00000000 		.word	.LANCHOR2
 324 00ec 44000240 		.word	1073872964
 325              		.cfi_endproc
 326              	.LFE66:
 328              		.section	.text.HAL_UART_MspDeInit,"ax",%progbits
 329              		.align	1
 330              		.global	HAL_UART_MspDeInit
 331              		.syntax unified
 332              		.thumb
 333              		.thumb_func
 335              	HAL_UART_MspDeInit:
 336              	.LVL14:
 337              	.LFB67:
 129:Core/Src/usart.c **** 
 130:Core/Src/usart.c **** void HAL_UART_MspDeInit(UART_HandleTypeDef* uartHandle)
 131:Core/Src/usart.c **** {
 338              		.loc 1 131 1 view -0
 339              		.cfi_startproc
 340              		@ args = 0, pretend = 0, frame = 0
 341              		@ frame_needed = 0, uses_anonymous_args = 0
 132:Core/Src/usart.c **** 
 133:Core/Src/usart.c ****   if(uartHandle->Instance==USART1)
 342              		.loc 1 133 3 view .LVU111
 343              		.loc 1 133 16 is_stmt 0 view .LVU112
 344 0000 0268     		ldr	r2, [r0]
 345              		.loc 1 133 5 view .LVU113
 346 0002 0D4B     		ldr	r3, .L24
 347 0004 9A42     		cmp	r2, r3
 348 0006 00D0     		beq	.L23
 349 0008 7047     		bx	lr
 350              	.L23:
 131:Core/Src/usart.c **** 
 351              		.loc 1 131 1 view .LVU114
 352 000a 10B5     		push	{r4, lr}
 353              	.LCFI5:
 354              		.cfi_def_cfa_offset 8
 355              		.cfi_offset 4, -8
 356              		.cfi_offset 14, -4
 357 000c 0446     		mov	r4, r0
 134:Core/Src/usart.c ****   {
 135:Core/Src/usart.c ****   /* USER CODE BEGIN USART1_MspDeInit 0 */
 136:Core/Src/usart.c **** 
 137:Core/Src/usart.c ****   /* USER CODE END USART1_MspDeInit 0 */
 138:Core/Src/usart.c ****     /* Peripheral clock disable */
 139:Core/Src/usart.c ****     __HAL_RCC_USART1_CLK_DISABLE();
ARM GAS  C:\Users\GM\AppData\Local\Temp\ccfL2C6D.s 			page 11


 358              		.loc 1 139 5 is_stmt 1 view .LVU115
 359 000e 0B4A     		ldr	r2, .L24+4
 360 0010 9369     		ldr	r3, [r2, #24]
 361 0012 23F48043 		bic	r3, r3, #16384
 362 0016 9361     		str	r3, [r2, #24]
 140:Core/Src/usart.c **** 
 141:Core/Src/usart.c ****     /**USART1 GPIO Configuration
 142:Core/Src/usart.c ****     PA9     ------> USART1_TX
 143:Core/Src/usart.c ****     PA10     ------> USART1_RX
 144:Core/Src/usart.c ****     */
 145:Core/Src/usart.c ****     HAL_GPIO_DeInit(GPIOA, GPIO_PIN_9|GPIO_PIN_10);
 363              		.loc 1 145 5 view .LVU116
 364 0018 4FF4C061 		mov	r1, #1536
 365 001c 0848     		ldr	r0, .L24+8
 366              	.LVL15:
 367              		.loc 1 145 5 is_stmt 0 view .LVU117
 368 001e FFF7FEFF 		bl	HAL_GPIO_DeInit
 369              	.LVL16:
 146:Core/Src/usart.c **** 
 147:Core/Src/usart.c ****     /* USART1 DMA DeInit */
 148:Core/Src/usart.c ****     HAL_DMA_DeInit(uartHandle->hdmarx);
 370              		.loc 1 148 5 is_stmt 1 view .LVU118
 371 0022 A06B     		ldr	r0, [r4, #56]
 372 0024 FFF7FEFF 		bl	HAL_DMA_DeInit
 373              	.LVL17:
 149:Core/Src/usart.c ****     HAL_DMA_DeInit(uartHandle->hdmatx);
 374              		.loc 1 149 5 view .LVU119
 375 0028 606B     		ldr	r0, [r4, #52]
 376 002a FFF7FEFF 		bl	HAL_DMA_DeInit
 377              	.LVL18:
 150:Core/Src/usart.c **** 
 151:Core/Src/usart.c ****     /* USART1 interrupt Deinit */
 152:Core/Src/usart.c ****     HAL_NVIC_DisableIRQ(USART1_IRQn);
 378              		.loc 1 152 5 view .LVU120
 379 002e 2520     		movs	r0, #37
 380 0030 FFF7FEFF 		bl	HAL_NVIC_DisableIRQ
 381              	.LVL19:
 153:Core/Src/usart.c ****   /* USER CODE BEGIN USART1_MspDeInit 1 */
 154:Core/Src/usart.c **** 
 155:Core/Src/usart.c ****   /* USER CODE END USART1_MspDeInit 1 */
 156:Core/Src/usart.c ****   }
 157:Core/Src/usart.c **** }
 382              		.loc 1 157 1 is_stmt 0 view .LVU121
 383 0034 10BD     		pop	{r4, pc}
 384              	.LVL20:
 385              	.L25:
 386              		.loc 1 157 1 view .LVU122
 387 0036 00BF     		.align	2
 388              	.L24:
 389 0038 00380140 		.word	1073821696
 390 003c 00100240 		.word	1073876992
 391 0040 00080140 		.word	1073809408
 392              		.cfi_endproc
 393              	.LFE67:
 395              		.global	hdma_usart1_tx
 396              		.global	hdma_usart1_rx
 397              		.global	huart1
ARM GAS  C:\Users\GM\AppData\Local\Temp\ccfL2C6D.s 			page 12


 398              		.section	.bss.hdma_usart1_rx,"aw",%nobits
 399              		.align	2
 400              		.set	.LANCHOR1,. + 0
 403              	hdma_usart1_rx:
 404 0000 00000000 		.space	68
 404      00000000 
 404      00000000 
 404      00000000 
 404      00000000 
 405              		.section	.bss.hdma_usart1_tx,"aw",%nobits
 406              		.align	2
 407              		.set	.LANCHOR2,. + 0
 410              	hdma_usart1_tx:
 411 0000 00000000 		.space	68
 411      00000000 
 411      00000000 
 411      00000000 
 411      00000000 
 412              		.section	.bss.huart1,"aw",%nobits
 413              		.align	2
 414              		.set	.LANCHOR0,. + 0
 417              	huart1:
 418 0000 00000000 		.space	68
 418      00000000 
 418      00000000 
 418      00000000 
 418      00000000 
 419              		.text
 420              	.Letext0:
 421              		.file 2 "c:\\tool\\gcc-arm\\arm-none-eabi\\include\\machine\\_default_types.h"
 422              		.file 3 "c:\\tool\\gcc-arm\\arm-none-eabi\\include\\sys\\_stdint.h"
 423              		.file 4 "Drivers/CMSIS/Device/ST/STM32F1xx/Include/stm32f103xb.h"
 424              		.file 5 "Drivers/STM32F1xx_HAL_Driver/Inc/stm32f1xx_hal_def.h"
 425              		.file 6 "Drivers/STM32F1xx_HAL_Driver/Inc/stm32f1xx_hal_gpio.h"
 426              		.file 7 "Drivers/STM32F1xx_HAL_Driver/Inc/stm32f1xx_hal_dma.h"
 427              		.file 8 "Drivers/STM32F1xx_HAL_Driver/Inc/stm32f1xx_hal_uart.h"
 428              		.file 9 "Core/Inc/usart.h"
 429              		.file 10 "Drivers/STM32F1xx_HAL_Driver/Inc/stm32f1xx_hal_cortex.h"
 430              		.file 11 "Core/Inc/main.h"
ARM GAS  C:\Users\GM\AppData\Local\Temp\ccfL2C6D.s 			page 13


DEFINED SYMBOLS
                            *ABS*:00000000 usart.c
C:\Users\GM\AppData\Local\Temp\ccfL2C6D.s:18     .text.MX_USART1_UART_Init:00000000 $t
C:\Users\GM\AppData\Local\Temp\ccfL2C6D.s:24     .text.MX_USART1_UART_Init:00000000 MX_USART1_UART_Init
C:\Users\GM\AppData\Local\Temp\ccfL2C6D.s:83     .text.MX_USART1_UART_Init:0000002c $d
C:\Users\GM\AppData\Local\Temp\ccfL2C6D.s:89     .text.HAL_UART_MspInit:00000000 $t
C:\Users\GM\AppData\Local\Temp\ccfL2C6D.s:95     .text.HAL_UART_MspInit:00000000 HAL_UART_MspInit
C:\Users\GM\AppData\Local\Temp\ccfL2C6D.s:319    .text.HAL_UART_MspInit:000000d8 $d
C:\Users\GM\AppData\Local\Temp\ccfL2C6D.s:329    .text.HAL_UART_MspDeInit:00000000 $t
C:\Users\GM\AppData\Local\Temp\ccfL2C6D.s:335    .text.HAL_UART_MspDeInit:00000000 HAL_UART_MspDeInit
C:\Users\GM\AppData\Local\Temp\ccfL2C6D.s:389    .text.HAL_UART_MspDeInit:00000038 $d
C:\Users\GM\AppData\Local\Temp\ccfL2C6D.s:410    .bss.hdma_usart1_tx:00000000 hdma_usart1_tx
C:\Users\GM\AppData\Local\Temp\ccfL2C6D.s:403    .bss.hdma_usart1_rx:00000000 hdma_usart1_rx
C:\Users\GM\AppData\Local\Temp\ccfL2C6D.s:417    .bss.huart1:00000000 huart1
C:\Users\GM\AppData\Local\Temp\ccfL2C6D.s:399    .bss.hdma_usart1_rx:00000000 $d
C:\Users\GM\AppData\Local\Temp\ccfL2C6D.s:406    .bss.hdma_usart1_tx:00000000 $d
C:\Users\GM\AppData\Local\Temp\ccfL2C6D.s:413    .bss.huart1:00000000 $d

UNDEFINED SYMBOLS
HAL_UART_Init
Error_Handler
HAL_GPIO_Init
HAL_DMA_Init
HAL_NVIC_SetPriority
HAL_NVIC_EnableIRQ
HAL_GPIO_DeInit
HAL_DMA_DeInit
HAL_NVIC_DisableIRQ
